<?xml version="1.0" encoding="UTF-8"?>
<!-- Generated by org.testng.reporters.JUnitXMLReporter -->
<testsuite ignored="0" hostname="ZAG1-LDL-Z00680" failures="0" tests="16" name="Default test" time="8.038" errors="0" timestamp="25 sij 2022 17:55:24 GMT">
  <testcase classname="shop.automation.homepage.LoginHomePage" name="goToLoginPage" time="0.13"/>
  <testcase classname="shop.automation.homepage.LoginHomePage" name="enterCredentials" time="0.513"/>
  <testcase classname="shop.automation.homepage.LoginHomePage" name="clickLoginButton" time="0.269"/>
  <testcase classname="shop.automation.homepage.LoginHomePage" name="checkMarketPage" time="0.323"/>
  <testcase classname="shop.automation.homepage.LoginHomePage" name="checkCart" time="0.121"/>
  <testcase classname="shop.automation.homepage.LoginHomePage" name="checkMarketPage1" time="0.262"/>
  <testcase classname="shop.automation.homepage.LoginHomePage" name="checkCart1" time="0.094"/>
  <testcase classname="shop.automation.homepage.LoginHomePage" name="checkMarketPage2" time="0.247"/>
  <testcase classname="shop.automation.homepage.LoginHomePage" name="checkCart2" time="0.095"/>
  <testcase classname="shop.automation.homepage.LoginHomePage" name="goToCart" time="0.274"/>
  <testcase classname="shop.automation.homepage.LoginHomePage" name="goToCart1" time="0.109"/>
  <testcase classname="shop.automation.homepage.LoginHomePage" name="goToCheckout" time="0.294"/>
  <testcase classname="shop.automation.homepage.LoginHomePage" name="filedForm" time="0.889"/>
  <testcase classname="shop.automation.homepage.LoginHomePage" name="goToCart2" time="0.101"/>
  <testcase classname="shop.automation.homepage.LoginHomePage" name="goToLast" time="0.328"/>
  <testcase classname="shop.automation.homepage.LoginHomePage" name="goToFirst" time="0.232"/>
</testsuite> <!-- Default test -->
